<?xml version="1.0" encoding="UTF-8"?>
<!-- Generated by org.testng.reporters.JUnitReportReporter -->
<testsuite hostname="Alien" failures="0" tests="1" name="learnSelenium.testSelenium.TestMyClass" time="12.062" errors="0" timestamp="2021-06-06T16:24:52 NZST" skipped="0">
  <testcase classname="learnSelenium.testSelenium.TestMyClass" name="testMethod" time="12.062"/>
  <system-out/>
</testsuite> <!-- learnSelenium.testSelenium.TestMyClass -->
