<?xml version="1.0" encoding="UTF-8"?>
<!-- Generated by org.testng.reporters.JUnitReportReporter -->
<testsuite hostname="Alien" failures="0" tests="1" name="learnSelenium.Assignment02" time="8.543" errors="0" timestamp="2021-06-07T18:09:46 NZST" skipped="0">
  <testcase classname="learnSelenium.Assignment02" name="assignmet02" time="8.543"/>
  <system-out/>
</testsuite> <!-- learnSelenium.Assignment02 -->
