<?xml version="1.0" encoding="UTF-8"?>
<!-- Generated by org.testng.reporters.JUnitReportReporter -->
<testsuite hostname="Alien" failures="0" tests="1" name="learnSelenium.testSelenium.learnSelenium.testSelenium.Assignment01" time="16.978" errors="0" timestamp="2021-06-07T15:39:19 NZST" skipped="0">
  <testcase classname="learnSelenium.testSelenium.learnSelenium.testSelenium.Assignment01" name="assignment01" time="16.978"/>
  <system-out/>
</testsuite> <!-- learnSelenium.testSelenium.learnSelenium.testSelenium.Assignment01 -->
